12:59:14 [types] Generated 1ms
12:59:15 [content] Syncing content
12:59:15 [content] Synced content

 astro  v5.11.0 ready in 435 ms

┃ Local    http://localhost:7000/
┃ Network  use --host to expose

12:59:15 watching for file changes...
Post: Good advice from Rudyard Kilpling
Word count: 805, Max words: 450, Needs truncation: true
Post: I gots Links for you: Issue #1
Word count: 3240, Max words: 450, Needs truncation: true
Post: The Protection Racket: A History of Tariffs and Who Really Pays
Word count: 5703, Max words: 450, Needs truncation: true
13:01:46 [200] / 47ms
Post: Good advice from Rudyard Kilpling
Word count: 805, Max words: 450, Needs truncation: true
Post: I gots Links for you: Issue #1
Word count: 3240, Max words: 450, Needs truncation: true
Post: The Protection Racket: A History of Tariffs and Who Really Pays
Word count: 5703, Max words: 450, Needs truncation: true
13:01:48 [200] / 10ms
13:03:20 [watch] /src/components/PostCard.astro?astro&type=style&index=0&lang.css
Post: Good advice from Rudyard Kilpling
Word count: 805, Max words: 325, Needs truncation: true
Post: I gots Links for you: Issue #1
Word count: 3240, Max words: 325, Needs truncation: true
Post: The Protection Racket: A History of Tariffs and Who Really Pays
Word count: 5703, Max words: 325, Needs truncation: true
13:03:42 [200] / 14ms
